{"/Users/mangu/WebstormProjects/Stopwatch.js/src/Stopwatch.Event.ts": {"path":"/Users/mangu/WebstormProjects/Stopwatch.js/src/Stopwatch.Event.ts","statementMap":{"0":{"start":{"line":1,"column":16},"end":{"line":4,"column":2}},"1":{"start":{"line":9,"column":13},"end":{"line":56,"column":3}},"2":{"start":{"line":29,"column":10},"end":{"line":33,"column":14}},"3":{"start":{"line":31,"column":14},"end":{"line":31,"column":42}},"4":{"start":{"line":41,"column":33},"end":{"line":45,"column":15}},"5":{"start":{"line":43,"column":16},"end":{"line":43,"column":57}},"6":{"start":{"line":47,"column":12},"end":{"line":49,"column":null}},"7":{"start":{"line":48,"column":16},"end":{"line":48,"column":26}},"8":{"start":{"line":51,"column":12},"end":{"line":51,"column":40}},"9":{"start":{"line":58,"column":0},"end":{"line":58,"column":20}}},"fnMap":{"0":{"name":"(anonymous_0)","decl":{"start":{"line":27,"column":13},"end":{"line":27,"column":null}},"loc":{"start":{"line":27,"column":13},"end":{"line":35,"column":7}}},"1":{"name":"(anonymous_1)","decl":{"start":{"line":29,"column":30},"end":{"line":29,"column":32}},"loc":{"start":{"line":29,"column":49},"end":{"line":33,"column":11}}},"2":{"name":"(anonymous_2)","decl":{"start":{"line":39,"column":15},"end":{"line":39,"column":25}},"loc":{"start":{"line":39,"column":37},"end":{"line":53,"column":9}}},"3":{"name":"(anonymous_3)","decl":{"start":{"line":41,"column":47},"end":{"line":41,"column":49}},"loc":{"start":{"line":41,"column":66},"end":{"line":45,"column":13}}}},"branchMap":{"0":{"loc":{"start":{"line":47,"column":12},"end":{"line":49,"column":null}},"type":"if","locations":[{"start":{"line":47,"column":12},"end":{"line":49,"column":null}}]}},"s":{"0":3,"1":3,"2":10,"3":20,"4":4,"5":6,"6":4,"7":1,"8":3,"9":3},"f":{"0":10,"1":20,"2":4,"3":6},"b":{"0":[1]}}
,"/Users/mangu/WebstormProjects/Stopwatch.js/src/data/StopwatchData.ts": {"path":"/Users/mangu/WebstormProjects/Stopwatch.js/src/data/StopwatchData.ts","statementMap":{"0":{"start":{"line":1,"column":0},"end":{"line":1,"column":38}},"1":{"start":{"line":43,"column":2},"end":{"line":43,"column":23}},"2":{"start":{"line":44,"column":2},"end":{"line":44,"column":24}},"3":{"start":{"line":45,"column":2},"end":{"line":45,"column":26}},"4":{"start":{"line":46,"column":2},"end":{"line":46,"column":24}},"5":{"start":{"line":47,"column":2},"end":{"line":47,"column":22}},"6":{"start":{"line":48,"column":2},"end":{"line":48,"column":20}},"7":{"start":{"line":49,"column":2},"end":{"line":55,"column":4}},"8":{"start":{"line":58,"column":35},"end":{"line":58,"column":53}},"9":{"start":{"line":59,"column":2},"end":{"line":68,"column":5}},"10":{"start":{"line":61,"column":29},"end":{"line":61,"column":31}},"11":{"start":{"line":62,"column":3},"end":{"line":66,"column":6}},"12":{"start":{"line":64,"column":4},"end":{"line":64,"column":34}},"13":{"start":{"line":70,"column":2},"end":{"line":70,"column":19}},"14":{"start":{"line":71,"column":2},"end":{"line":71,"column":27}},"15":{"start":{"line":77,"column":0},"end":{"line":77,"column":29}}},"fnMap":{"0":{"name":"(anonymous_1)","decl":{"start":{"line":41,"column":1},"end":{"line":41,"column":null}},"loc":{"start":{"line":41,"column":1},"end":{"line":73,"column":2}}},"1":{"name":"(anonymous_2)","decl":{"start":{"line":59,"column":23},"end":{"line":59,"column":25}},"loc":{"start":{"line":59,"column":38},"end":{"line":68,"column":3}}},"2":{"name":"(anonymous_3)","decl":{"start":{"line":62,"column":20},"end":{"line":62,"column":22}},"loc":{"start":{"line":62,"column":34},"end":{"line":66,"column":4}}}},"branchMap":{},"s":{"0":2,"1":9,"2":9,"3":9,"4":9,"5":9,"6":9,"7":9,"8":9,"9":9,"10":18,"11":18,"12":27,"13":9,"14":9,"15":2},"f":{"0":9,"1":18,"2":27},"b":{}}
,"/Users/mangu/WebstormProjects/Stopwatch.js/src/manager/StopwatchDataManager.ts": {"path":"/Users/mangu/WebstormProjects/Stopwatch.js/src/manager/StopwatchDataManager.ts","statementMap":{"0":{"start":{"line":16,"column":2},"end":{"line":16,"column":49}},"1":{"start":{"line":22,"column":2},"end":{"line":22,"column":35}},"2":{"start":{"line":28,"column":2},"end":{"line":28,"column":34}},"3":{"start":{"line":29,"column":2},"end":{"line":29,"column":14}},"4":{"start":{"line":35,"column":2},"end":{"line":35,"column":38}},"5":{"start":{"line":41,"column":2},"end":{"line":41,"column":23}},"6":{"start":{"line":47,"column":0},"end":{"line":47,"column":36}}},"fnMap":{"0":{"name":"(anonymous_0)","decl":{"start":{"line":14,"column":1},"end":{"line":14,"column":null}},"loc":{"start":{"line":14,"column":1},"end":{"line":18,"column":2}}},"1":{"name":"(anonymous_1)","decl":{"start":{"line":20,"column":1},"end":{"line":20,"column":4}},"loc":{"start":{"line":20,"column":26},"end":{"line":24,"column":2}}},"2":{"name":"(anonymous_2)","decl":{"start":{"line":26,"column":1},"end":{"line":26,"column":4}},"loc":{"start":{"line":26,"column":47},"end":{"line":31,"column":2}}},"3":{"name":"(anonymous_3)","decl":{"start":{"line":33,"column":1},"end":{"line":33,"column":7}},"loc":{"start":{"line":33,"column":29},"end":{"line":37,"column":2}}},"4":{"name":"(anonymous_4)","decl":{"start":{"line":39,"column":1},"end":{"line":39,"column":5}},"loc":{"start":{"line":39,"column":5},"end":{"line":43,"column":2}}}},"branchMap":{},"s":{"0":5,"1":12,"2":16,"3":16,"4":12,"5":36,"6":1},"f":{"0":5,"1":12,"2":16,"3":12,"4":36},"b":{}}
,"/Users/mangu/WebstormProjects/Stopwatch.js/src/polyfill/requestAnimatiionFrame.ts": {"path":"/Users/mangu/WebstormProjects/Stopwatch.js/src/polyfill/requestAnimatiionFrame.ts","statementMap":{"0":{"start":{"line":7,"column":17},"end":{"line":7,"column":40}},"1":{"start":{"line":8,"column":17},"end":{"line":8,"column":39}},"2":{"start":{"line":10,"column":17},"end":{"line":10,"column":27}},"3":{"start":{"line":12,"column":26},"end":{"line":12,"column":54}},"4":{"start":{"line":13,"column":23},"end":{"line":13,"column":24}},"5":{"start":{"line":16,"column":0},"end":{"line":20,"column":null}},"6":{"start":{"line":17,"column":4},"end":{"line":17,"column":61}},"7":{"start":{"line":18,"column":4},"end":{"line":19,"column":61}},"8":{"start":{"line":22,"column":0},"end":{"line":33,"column":null}},"9":{"start":{"line":23,"column":4},"end":{"line":32,"column":6}},"10":{"start":{"line":25,"column":25},"end":{"line":25,"column":35}},"11":{"start":{"line":27,"column":21},"end":{"line":27,"column":60}},"12":{"start":{"line":28,"column":13},"end":{"line":28,"column":85}},"13":{"start":{"line":28,"column":38},"end":{"line":28,"column":70}},"14":{"start":{"line":29,"column":8},"end":{"line":29,"column":41}},"15":{"start":{"line":31,"column":8},"end":{"line":31,"column":18}},"16":{"start":{"line":35,"column":0},"end":{"line":39,"column":null}},"17":{"start":{"line":36,"column":4},"end":{"line":38,"column":6}},"18":{"start":{"line":37,"column":8},"end":{"line":37,"column":27}},"19":{"start":{"line":41,"column":28},"end":{"line":41,"column":40}},"20":{"start":{"line":45,"column":9},"end":{"line":45,"column":30}},"21":{"start":{"line":42,"column":27},"end":{"line":42,"column":39}},"22":{"start":{"line":45,"column":32},"end":{"line":45,"column":52}}},"fnMap":{"0":{"name":"(anonymous_0)","decl":{"start":{"line":23,"column":17},"end":{"line":23,"column":28}},"loc":{"start":{"line":23,"column":46},"end":{"line":32,"column":5}}},"1":{"name":"(anonymous_1)","decl":{"start":{"line":28,"column":24},"end":{"line":28,"column":38}},"loc":{"start":{"line":28,"column":24},"end":{"line":28,"column":72}}},"2":{"name":"(anonymous_2)","decl":{"start":{"line":36,"column":17},"end":{"line":36,"column":28}},"loc":{"start":{"line":36,"column":38},"end":{"line":38,"column":5}}}},"branchMap":{"0":{"loc":{"start":{"line":10,"column":17},"end":{"line":10,"column":27}},"type":"binary-expr","locations":[{"start":{"line":10,"column":17},"end":{"line":10,"column":21}},{"start":{"line":10,"column":25},"end":{"line":10,"column":27}}]},"1":{"loc":{"start":{"line":16,"column":12},"end":{"line":16,"column":45}},"type":"binary-expr","locations":[{"start":{"line":16,"column":12},"end":{"line":16,"column":30}},{"start":{"line":16,"column":34},"end":{"line":16,"column":45}}]},"2":{"loc":{"start":{"line":18,"column":17},"end":{"line":19,"column":60}},"type":"binary-expr","locations":[{"start":{"line":18,"column":17},"end":{"line":18,"column":59}},{"start":{"line":19,"column":11},"end":{"line":19,"column":60}}]},"3":{"loc":{"start":{"line":22,"column":0},"end":{"line":33,"column":null}},"type":"if","locations":[{"start":{"line":22,"column":0},"end":{"line":33,"column":null}}]},"4":{"loc":{"start":{"line":35,"column":0},"end":{"line":39,"column":null}},"type":"if","locations":[{"start":{"line":35,"column":0},"end":{"line":39,"column":null}}]}},"s":{"0":1,"1":1,"2":1,"3":1,"4":1,"5":1,"6":4,"7":4,"8":1,"9":1,"10":33,"11":33,"12":33,"13":32,"14":33,"15":33,"16":1,"17":1,"18":1,"19":1,"20":1,"21":1,"22":1},"f":{"0":33,"1":32,"2":1},"b":{"0":[1,0],"1":[5,4],"2":[4,4],"3":[1],"4":[1]}}
,"/Users/mangu/WebstormProjects/Stopwatch.js/test/TestModule.ts": {"path":"/Users/mangu/WebstormProjects/Stopwatch.js/test/TestModule.ts","statementMap":{"0":{"start":{"line":8,"column":8},"end":{"line":8,"column":21}},"1":{"start":{"line":9,"column":8},"end":{"line":9,"column":40}},"2":{"start":{"line":13,"column":11},"end":{"line":20,"column":6}},"3":{"start":{"line":24,"column":0},"end":{"line":24,"column":26}}},"fnMap":{"0":{"name":"(anonymous_0)","decl":{"start":{"line":6,"column":4},"end":{"line":6,"column":17}},"loc":{"start":{"line":6,"column":40},"end":{"line":11,"column":5}}}},"branchMap":{},"s":{"0":16,"1":16,"2":4,"3":4},"f":{"0":16},"b":{}}
}
