TN:
SF:src/Stopwatch.Event.ts
FN:27,(anonymous_0)
FN:29,(anonymous_1)
FN:39,(anonymous_2)
FN:41,(anonymous_3)
FNF:4
FNH:4
FNDA:10,(anonymous_0)
FNDA:20,(anonymous_1)
FNDA:4,(anonymous_2)
FNDA:6,(anonymous_3)
DA:1,3
DA:9,3
DA:29,10
DA:31,20
DA:41,4
DA:43,6
DA:47,4
DA:48,1
DA:51,3
DA:58,3
LF:10
LH:10
BRDA:47,0,0,1
BRF:1
BRH:1
end_of_record
TN:
SF:src/data/StopwatchData.ts
FN:41,(anonymous_1)
FN:59,(anonymous_2)
FN:62,(anonymous_3)
FNF:3
FNH:3
FNDA:9,(anonymous_1)
FNDA:18,(anonymous_2)
FNDA:27,(anonymous_3)
DA:1,2
DA:43,9
DA:44,9
DA:45,9
DA:46,9
DA:47,9
DA:48,9
DA:49,9
DA:58,9
DA:59,9
DA:61,18
DA:62,18
DA:64,27
DA:70,9
DA:71,9
DA:77,2
LF:16
LH:16
BRF:0
BRH:0
end_of_record
TN:
SF:src/manager/StopwatchDataManager.ts
FN:14,(anonymous_0)
FN:20,(anonymous_1)
FN:26,(anonymous_2)
FN:33,(anonymous_3)
FN:39,(anonymous_4)
FNF:5
FNH:5
FNDA:5,(anonymous_0)
FNDA:12,(anonymous_1)
FNDA:16,(anonymous_2)
FNDA:12,(anonymous_3)
FNDA:36,(anonymous_4)
DA:16,5
DA:22,12
DA:28,16
DA:29,16
DA:35,12
DA:41,36
DA:47,1
LF:7
LH:7
BRF:0
BRH:0
end_of_record
TN:
SF:src/polyfill/requestAnimatiionFrame.ts
FN:23,(anonymous_0)
FN:28,(anonymous_1)
FN:36,(anonymous_2)
FNF:3
FNH:3
FNDA:33,(anonymous_0)
FNDA:32,(anonymous_1)
FNDA:1,(anonymous_2)
DA:7,1
DA:8,1
DA:10,1
DA:12,1
DA:13,1
DA:16,1
DA:17,4
DA:18,4
DA:22,1
DA:23,1
DA:25,33
DA:27,33
DA:28,33
DA:29,33
DA:31,33
DA:35,1
DA:36,1
DA:37,1
DA:41,1
DA:42,1
DA:45,1
LF:21
LH:21
BRDA:10,0,0,1
BRDA:10,0,1,0
BRDA:16,1,0,5
BRDA:16,1,1,4
BRDA:18,2,0,4
BRDA:18,2,1,4
BRDA:22,3,0,1
BRDA:35,4,0,1
BRF:8
BRH:7
end_of_record
TN:
SF:test/TestModule.ts
FN:6,(anonymous_0)
FNF:1
FNH:1
FNDA:16,(anonymous_0)
DA:8,16
DA:9,16
DA:13,4
DA:24,4
LF:4
LH:4
BRF:0
BRH:0
end_of_record
